2022-03-27 18:32:09.794  INFO 17092 --- [main] c.d.s.LoggingApplication                 : Starting LoggingApplication using Java 1.8.0_181 on DESKTOP-1RCKI6R with PID 17092 (D:\git-repository\spring-boot-duing-demo\spring-boot-duing-06-logging\target\classes started by ytsma in D:\git-repository\spring-boot-duing-demo)
2022-03-27 18:32:09.804  INFO 17092 --- [main] c.d.s.LoggingApplication                 : No active profile set, falling back to 1 default profile: "default"
2022-03-27 18:32:11.422  INFO 17092 --- [main] o.s.b.w.embedded.tomcat.TomcatWebServer  : Tomcat initialized with port(s): 8080 (http)
2022-03-27 18:32:11.439  INFO 17092 --- [main] o.apache.catalina.core.StandardService   : Starting service [Tomcat]
2022-03-27 18:32:11.439  INFO 17092 --- [main] org.apache.catalina.core.StandardEngine  : Starting Servlet engine: [Apache Tomcat/9.0.60]
2022-03-27 18:32:11.693  INFO 17092 --- [main] o.a.c.c.C.[Tomcat].[localhost].[/]       : Initializing Spring embedded WebApplicationContext
2022-03-27 18:32:11.693  INFO 17092 --- [main] w.s.c.ServletWebServerApplicationContext : Root WebApplicationContext: initialization completed in 1793 ms
2022-03-27 18:32:12.277  INFO 17092 --- [main] o.s.b.w.embedded.tomcat.TomcatWebServer  : Tomcat started on port(s): 8080 (http) with context path ''
2022-03-27 18:32:12.294  INFO 17092 --- [main] c.d.s.LoggingApplication                 : Started LoggingApplication in 3.574 seconds (JVM running for 6.237)
2022-03-27 22:58:09.391  INFO 16016 --- [main] c.d.s.LoggingApplication                 : Starting LoggingApplication using Java 1.8.0_181 on DESKTOP-1RCKI6R with PID 16016 (D:\git-repository\spring-boot-duing-demo\spring-boot-duing-06-logging\target\classes started by ytsma in D:\git-repository\spring-boot-duing-demo)
2022-03-27 22:58:09.398  INFO 16016 --- [main] c.d.s.LoggingApplication                 : No active profile set, falling back to 1 default profile: "default"
2022-03-27 22:58:11.380  INFO 16016 --- [main] o.s.b.w.embedded.tomcat.TomcatWebServer  : Tomcat initialized with port(s): 8080 (http)
2022-03-27 22:58:11.399  INFO 16016 --- [main] o.apache.catalina.core.StandardService   : Starting service [Tomcat]
2022-03-27 22:58:11.400  INFO 16016 --- [main] org.apache.catalina.core.StandardEngine  : Starting Servlet engine: [Apache Tomcat/9.0.60]
2022-03-27 22:58:11.708  INFO 16016 --- [main] o.a.c.c.C.[Tomcat].[localhost].[/]       : Initializing Spring embedded WebApplicationContext
2022-03-27 22:58:11.709  INFO 16016 --- [main] w.s.c.ServletWebServerApplicationContext : Root WebApplicationContext: initialization completed in 2209 ms
2022-03-27 22:58:12.288  INFO 16016 --- [main] o.s.b.w.embedded.tomcat.TomcatWebServer  : Tomcat started on port(s): 8080 (http) with context path ''
2022-03-27 22:58:12.304  INFO 16016 --- [main] c.d.s.LoggingApplication                 : Started LoggingApplication in 4.066 seconds (JVM running for 7.282)
2022-03-27 22:58:18.411  INFO 16016 --- [http-nio-8080-exec-1] o.a.c.c.C.[Tomcat].[localhost].[/]       : Initializing Spring DispatcherServlet 'dispatcherServlet'
2022-03-27 22:58:18.411  INFO 16016 --- [http-nio-8080-exec-1] o.s.web.servlet.DispatcherServlet        : Initializing Servlet 'dispatcherServlet'
2022-03-27 22:58:18.413  INFO 16016 --- [http-nio-8080-exec-1] o.s.web.servlet.DispatcherServlet        : Completed initialization in 2 ms
