2022-03-27 18:28:47.314  INFO 4320 --- [main] c.d.s.LoggingApplication                 : Starting LoggingApplication using Java 1.8.0_181 on DESKTOP-1RCKI6R with PID 4320 (D:\git-repository\spring-boot-duing-demo\spring-boot-duing-06-logging\target\classes started by ytsma in D:\git-repository\spring-boot-duing-demo)
2022-03-27 18:28:47.320  INFO 4320 --- [main] c.d.s.LoggingApplication                 : No active profile set, falling back to 1 default profile: "default"
2022-03-27 18:28:48.950  INFO 4320 --- [main] o.s.b.w.embedded.tomcat.TomcatWebServer  : Tomcat initialized with port(s): 8080 (http)
2022-03-27 18:28:48.967  INFO 4320 --- [main] o.apache.catalina.core.StandardService   : Starting service [Tomcat]
2022-03-27 18:28:48.968  INFO 4320 --- [main] org.apache.catalina.core.StandardEngine  : Starting Servlet engine: [Apache Tomcat/9.0.60]
2022-03-27 18:28:49.200  INFO 4320 --- [main] o.a.c.c.C.[Tomcat].[localhost].[/]       : Initializing Spring embedded WebApplicationContext
2022-03-27 18:28:49.201  INFO 4320 --- [main] w.s.c.ServletWebServerApplicationContext : Root WebApplicationContext: initialization completed in 1798 ms
2022-03-27 18:28:49.751  INFO 4320 --- [main] o.s.b.w.embedded.tomcat.TomcatWebServer  : Tomcat started on port(s): 8080 (http) with context path ''
2022-03-27 18:28:49.768  INFO 4320 --- [main] c.d.s.LoggingApplication                 : Started LoggingApplication in 3.38 seconds (JVM running for 5.907)
2022-03-27 18:30:37.273  INFO 15320 --- [main] c.d.s.LoggingApplication                 : Starting LoggingApplication using Java 1.8.0_181 on DESKTOP-1RCKI6R with PID 15320 (D:\git-repository\spring-boot-duing-demo\spring-boot-duing-06-logging\target\classes started by ytsma in D:\git-repository\spring-boot-duing-demo)
2022-03-27 18:30:37.280  INFO 15320 --- [main] c.d.s.LoggingApplication                 : No active profile set, falling back to 1 default profile: "default"
2022-03-27 18:30:38.834  INFO 15320 --- [main] o.s.b.w.embedded.tomcat.TomcatWebServer  : Tomcat initialized with port(s): 8080 (http)
2022-03-27 18:30:38.854  INFO 15320 --- [main] o.apache.catalina.core.StandardService   : Starting service [Tomcat]
2022-03-27 18:30:38.855  INFO 15320 --- [main] org.apache.catalina.core.StandardEngine  : Starting Servlet engine: [Apache Tomcat/9.0.60]
2022-03-27 18:30:39.103  INFO 15320 --- [main] o.a.c.c.C.[Tomcat].[localhost].[/]       : Initializing Spring embedded WebApplicationContext
2022-03-27 18:30:39.104  INFO 15320 --- [main] w.s.c.ServletWebServerApplicationContext : Root WebApplicationContext: initialization completed in 1742 ms
2022-03-27 18:30:39.650  INFO 15320 --- [main] o.s.b.w.embedded.tomcat.TomcatWebServer  : Tomcat started on port(s): 8080 (http) with context path ''
2022-03-27 18:30:39.666  INFO 15320 --- [main] c.d.s.LoggingApplication                 : Started LoggingApplication in 3.371 seconds (JVM running for 6.054)
2022-03-27 18:31:11.744  INFO 12400 --- [main] c.d.s.LoggingApplication                 : Starting LoggingApplication using Java 1.8.0_181 on DESKTOP-1RCKI6R with PID 12400 (D:\git-repository\spring-boot-duing-demo\spring-boot-duing-06-logging\target\classes started by ytsma in D:\git-repository\spring-boot-duing-demo)
2022-03-27 18:31:11.751  INFO 12400 --- [main] c.d.s.LoggingApplication                 : No active profile set, falling back to 1 default profile: "default"
2022-03-27 18:31:13.416  INFO 12400 --- [main] o.s.b.w.embedded.tomcat.TomcatWebServer  : Tomcat initialized with port(s): 8080 (http)
2022-03-27 18:31:13.432  INFO 12400 --- [main] o.apache.catalina.core.StandardService   : Starting service [Tomcat]
2022-03-27 18:31:13.432  INFO 12400 --- [main] org.apache.catalina.core.StandardEngine  : Starting Servlet engine: [Apache Tomcat/9.0.60]
2022-03-27 18:31:13.669  INFO 12400 --- [main] o.a.c.c.C.[Tomcat].[localhost].[/]       : Initializing Spring embedded WebApplicationContext
2022-03-27 18:31:13.669  INFO 12400 --- [main] w.s.c.ServletWebServerApplicationContext : Root WebApplicationContext: initialization completed in 1820 ms
2022-03-27 18:31:14.210  INFO 12400 --- [main] o.s.b.w.embedded.tomcat.TomcatWebServer  : Tomcat started on port(s): 8080 (http) with context path ''
2022-03-27 18:31:14.226  INFO 12400 --- [main] c.d.s.LoggingApplication                 : Started LoggingApplication in 3.324 seconds (JVM running for 5.902)
